d:\王清源\else\vcprogamming\math filling game\math fil.85c206d5\release\vc143.pdb
d:\王清源\else\vcprogamming\math filling game\math fil.85c206d5\release\myres.obj
d:\王清源\else\vcprogamming\math filling game\math fil.85c206d5\release\math filling game.obj
d:\王清源\else\vcprogamming\math filling game\math fil.85c206d5\release\explorer.obj
d:\王清源\else\vcprogamming\math filling game\math fil.85c206d5\release\dialogres.obj
d:\王清源\else\vcprogamming\math filling game\release\math filling game.exe
d:\王清源\else\vcprogamming\math filling game\release\math filling game.pdb
d:\王清源\else\vcprogamming\math filling game\math fil.85c206d5\release\math filling game.res
d:\王清源\else\vcprogamming\math filling game\math fil.85c206d5\release\math filling game.ipdb
d:\王清源\else\vcprogamming\math filling game\math fil.85c206d5\release\math filling game.iobj
d:\王清源\else\vcprogamming\math filling game\math fil.85c206d5\release\math fil.85c206d5.tlog\cl.command.1.tlog
d:\王清源\else\vcprogamming\math filling game\math fil.85c206d5\release\math fil.85c206d5.tlog\cl.items.tlog
d:\王清源\else\vcprogamming\math filling game\math fil.85c206d5\release\math fil.85c206d5.tlog\cl.read.1.tlog
d:\王清源\else\vcprogamming\math filling game\math fil.85c206d5\release\math fil.85c206d5.tlog\cl.write.1.tlog
d:\王清源\else\vcprogamming\math filling game\math fil.85c206d5\release\math fil.85c206d5.tlog\link.command.1.tlog
d:\王清源\else\vcprogamming\math filling game\math fil.85c206d5\release\math fil.85c206d5.tlog\link.read.1.tlog
d:\王清源\else\vcprogamming\math filling game\math fil.85c206d5\release\math fil.85c206d5.tlog\link.secondary.1.tlog
d:\王清源\else\vcprogamming\math filling game\math fil.85c206d5\release\math fil.85c206d5.tlog\link.write.1.tlog
d:\王清源\else\vcprogamming\math filling game\math fil.85c206d5\release\math fil.85c206d5.tlog\rc.command.1.tlog
d:\王清源\else\vcprogamming\math filling game\math fil.85c206d5\release\math fil.85c206d5.tlog\rc.read.1.tlog
d:\王清源\else\vcprogamming\math filling game\math fil.85c206d5\release\math fil.85c206d5.tlog\rc.write.1.tlog
